<LogEntry Date="2020-10-07 11:16:14" Severity="Info" Source="SICA.LoginForm..ctor" ThreadId="1">
  <Message>Test entry to see if logging works.</Message>
</LogEntry>
<LogEntry Date="2020-10-07 11:16:46" Severity="Info" Source="SICA.LoginForm..ctor" ThreadId="1">
  <Message>Test entry to see if logging works.</Message>
</LogEntry>
<LogEntry Date="2020-10-07 11:16:52" Severity="Info" Source="SICA.BusquedaForm.btBuscar_Click" ThreadId="1">
  <Message>XxLeN</Message>
</LogEntry>
<LogEntry Date="2020-10-07 11:16:52" Severity="Exception" Source="SICA.BusquedaForm.btBuscar_Click" ThreadId="1">
  <Exception Type="System.Threading.ThreadAbortException" Source="System.Windows.Forms.Control.MarshaledInvoke">
    <Message>Subproceso anulado.</Message>
    <StackTrace>   en System.Windows.Forms.Control.MarshaledInvoke(Control caller, Delegate method, Object[] args, Boolean synchronous)
   en System.Windows.Forms.Control.Invoke(Delegate method, Object[] args)
   en SICA.Forms.LoadingScreen.cerrarLoading() en C:\Zona Trabajo\Visual C#\SICA\SICA\Forms\LoadingScreen.cs:línea 69
   en SICA.BusquedaForm.btBuscar_Click(Object sender, EventArgs e) en C:\Zona Trabajo\Visual C#\SICA\SICA\Forms\BusquedaForm.cs:línea 76</StackTrace>
  </Exception>
</LogEntry>
<LogEntry Date="2020-10-07 11:17:42" Severity="Info" Source="SICA.LoginForm..ctor" ThreadId="1">
  <Message>Test entry to see if logging works.</Message>
</LogEntry>
<LogEntry Date="2020-10-07 11:19:03" Severity="Info" Source="SICA.LoginForm..ctor" ThreadId="1">
  <Message>Test entry to see if logging works.</Message>
</LogEntry>
<LogEntry Date="2020-10-07 11:19:53" Severity="Info" Source="SICA.LoginForm..ctor" ThreadId="1">
  <Message>Test entry to see if logging works.</Message>
</LogEntry>
<LogEntry Date="2020-10-07 11:20:12" Severity="Info" Source="SICA.LoginForm..ctor" ThreadId="1">
  <Message>Test entry to see if logging works.</Message>
</LogEntry>
<LogEntry Date="2020-10-07 11:21:16" Severity="Info" Source="SICA.LoginForm..ctor" ThreadId="1">
  <Message>Test entry to see if logging works.</Message>
</LogEntry>
<LogEntry Date="2020-10-07 11:22:02" Severity="Info" Source="SICA.LoginForm..ctor" ThreadId="1">
  <Message>Test entry to see if logging works.</Message>
</LogEntry>
<LogEntry Date="2020-10-07 11:22:18" Severity="Info" Source="SICA.LoginForm..ctor" ThreadId="1">
  <Message>Test entry to see if logging works.</Message>
</LogEntry>
<LogEntry Date="2020-10-07 11:23:25" Severity="Info" Source="SICA.LoginForm..ctor" ThreadId="1">
  <Message>Test entry to see if logging works.</Message>
</LogEntry>
<LogEntry Date="2020-10-07 11:25:06" Severity="Info" Source="SICA.LoginForm..ctor" ThreadId="1">
  <Message>Test entry to see if logging works.</Message>
</LogEntry>
<LogEntry Date="2020-10-07 11:33:47" Severity="Info" Source="SICA.LoginForm..ctor" ThreadId="1">
  <Message>Test entry to see if logging works.</Message>
</LogEntry>
<LogEntry Date="2020-10-07 11:34:51" Severity="Info" Source="SICA.LoginForm..ctor" ThreadId="1">
  <Message>Test entry to see if logging works.</Message>
</LogEntry>
<LogEntry Date="2020-10-07 11:34:53" Severity="Info" Source="SICA.Conexion.ejecutarQuery" ThreadId="1">
  <Message>XxLeN</Message>
</LogEntry>
<LogEntry Date="2020-10-07 11:34:53" Severity="Exception" Source="SICA.Conexion.ejecutarQuery" ThreadId="1">
  <Exception Type="System.Data.OleDb.OleDbException" Source="System.Data.OleDb.OleDbCommand.ExecuteCommandTextErrorHandling">
    <Message>Data type mismatch in criteria expression.</Message>
    <StackTrace>   en System.Data.OleDb.OleDbCommand.ExecuteCommandTextErrorHandling(OleDbHResult hr)
   en System.Data.OleDb.OleDbCommand.ExecuteCommandTextForSingleResult(tagDBPARAMS dbParams, Object&amp; executeResult)
   en System.Data.OleDb.OleDbCommand.ExecuteCommandText(Object&amp; executeResult)
   en System.Data.OleDb.OleDbCommand.ExecuteReaderInternal(CommandBehavior behavior, String method)
   en System.Data.OleDb.OleDbCommand.ExecuteNonQuery()
   en SICA.Conexion.ejecutarQuery() en C:\Zona Trabajo\Visual C#\SICA\SICA\Conexion.cs:línea 73</StackTrace>
  </Exception>
</LogEntry>
<LogEntry Date="2020-10-07 11:35:30" Severity="Info" Source="SICA.LoginForm..ctor" ThreadId="1">
  <Message>Test entry to see if logging works.</Message>
</LogEntry>
<LogEntry Date="2020-10-07 11:35:32" Severity="Info" Source="SICA.Conexion.ejecutarQuery" ThreadId="1">
  <Message>XxLeN</Message>
</LogEntry>
<LogEntry Date="2020-10-07 11:35:32" Severity="Exception" Source="SICA.Conexion.ejecutarQuery" ThreadId="1">
  <Exception Type="System.Data.OleDb.OleDbException" Source="System.Data.OleDb.OleDbCommand.ExecuteCommandTextErrorHandling">
    <Message>Data type mismatch in criteria expression.</Message>
    <StackTrace>   en System.Data.OleDb.OleDbCommand.ExecuteCommandTextErrorHandling(OleDbHResult hr)
   en System.Data.OleDb.OleDbCommand.ExecuteCommandTextForSingleResult(tagDBPARAMS dbParams, Object&amp; executeResult)
   en System.Data.OleDb.OleDbCommand.ExecuteCommandText(Object&amp; executeResult)
   en System.Data.OleDb.OleDbCommand.ExecuteReaderInternal(CommandBehavior behavior, String method)
   en System.Data.OleDb.OleDbCommand.ExecuteNonQuery()
   en SICA.Conexion.ejecutarQuery() en C:\Zona Trabajo\Visual C#\SICA\SICA\Conexion.cs:línea 73</StackTrace>
  </Exception>
</LogEntry>
<LogEntry Date="2020-10-07 11:38:53" Severity="Info" Source="SICA.LoginForm..ctor" ThreadId="1">
  <Message>Test entry to see if logging works.</Message>
</LogEntry>
<LogEntry Date="2020-10-07 11:39:25" Severity="Info" Source="SICA.LoginForm..ctor" ThreadId="1">
  <Message>Test entry to see if logging works.</Message>
</LogEntry>
<LogEntry Date="2020-10-07 11:42:33" Severity="Info" Source="SICA.LoginForm..ctor" ThreadId="1">
  <Message>Test entry to see if logging works.</Message>
</LogEntry>
<LogEntry Date="2020-10-07 16:26:54" Severity="Info" Source="SICA.LoginForm..ctor" ThreadId="1">
  <Message>Test entry to see if logging works.</Message>
</LogEntry>
<LogEntry Date="2020-10-07 17:29:20" Severity="Info" Source="SICA.LoginForm..ctor" ThreadId="1">
  <Message>Test entry to see if logging works.</Message>
</LogEntry>
<LogEntry Date="2020-10-07 17:29:30" Severity="Info" Source="SICA.Conexion.ejecutarQuery" ThreadId="1">
  <Message>XxLeN</Message>
</LogEntry>
<LogEntry Date="2020-10-07 17:29:30" Severity="Exception" Source="SICA.Conexion.ejecutarQuery" ThreadId="1">
  <Exception Type="System.Data.OleDb.OleDbException" Source="System.Data.OleDb.OleDbCommand.ExecuteCommandTextErrorHandling">
    <Message>Syntax error in FROM clause.</Message>
    <StackTrace>   en System.Data.OleDb.OleDbCommand.ExecuteCommandTextErrorHandling(OleDbHResult hr)
   en System.Data.OleDb.OleDbCommand.ExecuteCommandTextForSingleResult(tagDBPARAMS dbParams, Object&amp; executeResult)
   en System.Data.OleDb.OleDbCommand.ExecuteCommandText(Object&amp; executeResult)
   en System.Data.OleDb.OleDbCommand.ExecuteReaderInternal(CommandBehavior behavior, String method)
   en System.Data.OleDb.OleDbCommand.ExecuteNonQuery()
   en SICA.Conexion.ejecutarQuery() en C:\Zona Trabajo\Visual C#\SICA\SICA\Conexion.cs:línea 72</StackTrace>
  </Exception>
</LogEntry>
<LogEntry Date="2020-10-07 17:30:27" Severity="Info" Source="SICA.LoginForm..ctor" ThreadId="1">
  <Message>Test entry to see if logging works.</Message>
</LogEntry>
<LogEntry Date="2020-10-07 17:30:43" Severity="Info" Source="SICA.Conexion.ejecutarQuery" ThreadId="1">
  <Message>XxLeN</Message>
</LogEntry>
<LogEntry Date="2020-10-07 17:30:43" Severity="Exception" Source="SICA.Conexion.ejecutarQuery" ThreadId="1">
  <Exception Type="System.Data.OleDb.OleDbException" Source="System.Data.OleDb.OleDbCommand.ExecuteCommandTextErrorHandling">
    <Message>Invalid use of vertical bars in query expression 'CIP || ';' || NOMBRE || ';' || SOLICITUD_SISGO'.</Message>
    <StackTrace>   en System.Data.OleDb.OleDbCommand.ExecuteCommandTextErrorHandling(OleDbHResult hr)
   en System.Data.OleDb.OleDbCommand.ExecuteCommandTextForSingleResult(tagDBPARAMS dbParams, Object&amp; executeResult)
   en System.Data.OleDb.OleDbCommand.ExecuteCommandText(Object&amp; executeResult)
   en System.Data.OleDb.OleDbCommand.ExecuteReaderInternal(CommandBehavior behavior, String method)
   en System.Data.OleDb.OleDbCommand.ExecuteNonQuery()
   en SICA.Conexion.ejecutarQuery() en C:\Zona Trabajo\Visual C#\SICA\SICA\Conexion.cs:línea 72</StackTrace>
  </Exception>
</LogEntry>
<LogEntry Date="2020-10-07 17:31:40" Severity="Info" Source="SICA.LoginForm..ctor" ThreadId="1">
  <Message>Test entry to see if logging works.</Message>
</LogEntry>
<LogEntry Date="2020-10-07 17:31:44" Severity="Info" Source="SICA.Conexion.ejecutarQuery" ThreadId="1">
  <Message>XxLeN</Message>
</LogEntry>
<LogEntry Date="2020-10-07 17:31:44" Severity="Exception" Source="SICA.Conexion.ejecutarQuery" ThreadId="1">
  <Exception Type="System.Data.OleDb.OleDbException" Source="System.Data.OleDb.OleDbCommand.ExecuteCommandTextErrorHandling">
    <Message>The Microsoft Access database engine cannot find the input table or query 'REPORTE_VALORADOS'. Make sure it exists and that its name is spelled correctly.</Message>
    <StackTrace>   en System.Data.OleDb.OleDbCommand.ExecuteCommandTextErrorHandling(OleDbHResult hr)
   en System.Data.OleDb.OleDbCommand.ExecuteCommandTextForSingleResult(tagDBPARAMS dbParams, Object&amp; executeResult)
   en System.Data.OleDb.OleDbCommand.ExecuteCommandText(Object&amp; executeResult)
   en System.Data.OleDb.OleDbCommand.ExecuteReaderInternal(CommandBehavior behavior, String method)
   en System.Data.OleDb.OleDbCommand.ExecuteNonQuery()
   en SICA.Conexion.ejecutarQuery() en C:\Zona Trabajo\Visual C#\SICA\SICA\Conexion.cs:línea 72</StackTrace>
  </Exception>
</LogEntry>
<LogEntry Date="2020-10-07 17:46:03" Severity="Info" Source="SICA.LoginForm..ctor" ThreadId="1">
  <Message>Test entry to see if logging works.</Message>
</LogEntry>
<LogEntry Date="2020-10-07 17:56:50" Severity="Info" Source="SICA.LoginForm..ctor" ThreadId="1">
  <Message>Test entry to see if logging works.</Message>
</LogEntry>
<LogEntry Date="2020-10-07 17:57:50" Severity="Info" Source="SICA.LoginForm..ctor" ThreadId="1">
  <Message>Test entry to see if logging works.</Message>
</LogEntry>
<LogEntry Date="2020-10-07 18:46:51" Severity="Info" Source="SICA.LoginForm..ctor" ThreadId="1">
  <Message>Test entry to see if logging works.</Message>
</LogEntry>
<LogEntry Date="2020-10-07 18:47:40" Severity="Info" Source="SICA.LoginForm..ctor" ThreadId="1">
  <Message>Test entry to see if logging works.</Message>
</LogEntry>
<LogEntry Date="2020-10-07 18:48:07" Severity="Info" Source="SICA.LoginForm..ctor" ThreadId="1">
  <Message>Test entry to see if logging works.</Message>
</LogEntry>
<LogEntry Date="2020-10-07 18:49:04" Severity="Info" Source="SICA.LoginForm..ctor" ThreadId="1">
  <Message>Test entry to see if logging works.</Message>
</LogEntry>
<LogEntry Date="2020-10-07 18:49:56" Severity="Info" Source="SICA.LoginForm..ctor" ThreadId="1">
  <Message>Test entry to see if logging works.</Message>
</LogEntry>
<LogEntry Date="2020-10-07 18:49:59" Severity="Info" Source="SICA.Conexion.ejecutarQuery" ThreadId="1">
  <Message>XxLeN</Message>
</LogEntry>
<LogEntry Date="2020-10-07 18:49:59" Severity="Exception" Source="SICA.Conexion.ejecutarQuery" ThreadId="1">
  <Exception Type="System.Data.OleDb.OleDbException" Source="System.Data.OleDb.OleDbCommand.ExecuteCommandTextErrorHandling">
    <Message>Syntax error in query expression '1 = 1 AND DESC_CONCAT LIKE %JHONCON%'.</Message>
    <StackTrace>   en System.Data.OleDb.OleDbCommand.ExecuteCommandTextErrorHandling(OleDbHResult hr)
   en System.Data.OleDb.OleDbCommand.ExecuteCommandTextForSingleResult(tagDBPARAMS dbParams, Object&amp; executeResult)
   en System.Data.OleDb.OleDbCommand.ExecuteCommandText(Object&amp; executeResult)
   en System.Data.OleDb.OleDbCommand.ExecuteReaderInternal(CommandBehavior behavior, String method)
   en System.Data.OleDb.OleDbCommand.ExecuteNonQuery()
   en SICA.Conexion.ejecutarQuery() en C:\Zona Trabajo\Visual C#\SICA\SICA\Conexion.cs:línea 72</StackTrace>
  </Exception>
</LogEntry>
<LogEntry Date="2020-10-07 18:50:14" Severity="Info" Source="SICA.LoginForm..ctor" ThreadId="1">
  <Message>Test entry to see if logging works.</Message>
</LogEntry>
<LogEntry Date="2020-10-07 18:50:55" Severity="Info" Source="SICA.LoginForm..ctor" ThreadId="1">
  <Message>Test entry to see if logging works.</Message>
</LogEntry>
<LogEntry Date="2020-10-07 18:51:28" Severity="Info" Source="SICA.LoginForm..ctor" ThreadId="1">
  <Message>Test entry to see if logging works.</Message>
</LogEntry>
<LogEntry Date="2020-10-07 18:54:44" Severity="Info" Source="SICA.LoginForm..ctor" ThreadId="1">
  <Message>Test entry to see if logging works.</Message>
</LogEntry>
